2021-05-31 16:47:56,609 file similarity.py attached succesfully
2021-05-31 16:47:56,611 uiname is MainWindow
2021-05-31 16:47:56,611 toplevel widget is QMainWindow
2021-05-31 16:47:56,613 setting property geometry
2021-05-31 16:47:56,613 setting property font
2021-05-31 16:47:56,614 setting property cursor
2021-05-31 16:47:56,614 setting property windowTitle
2021-05-31 16:47:56,614 setting property styleSheet
2021-05-31 16:47:56,614 push QMainWindow MainWindow
2021-05-31 16:47:56,615 push QWidget centralwidget
2021-05-31 16:47:56,615 setting property geometry
2021-05-31 16:47:56,615 setting property text
2021-05-31 16:47:56,615 setting property icon
2021-05-31 16:47:56,615 setting property iconSize
2021-05-31 16:47:56,616 push QPushButton SONG1
2021-05-31 16:47:56,616 pop widget QPushButton SONG1
2021-05-31 16:47:56,616 new topwidget self.centralwidget
2021-05-31 16:47:56,616 setting property geometry
2021-05-31 16:47:56,616 setting property text
2021-05-31 16:47:56,616 setting property icon
2021-05-31 16:47:56,616 setting property iconSize
2021-05-31 16:47:56,616 push QPushButton SONG2
2021-05-31 16:47:56,616 pop widget QPushButton SONG2
2021-05-31 16:47:56,617 new topwidget self.centralwidget
2021-05-31 16:47:56,617 setting property geometry
2021-05-31 16:47:56,617 setting property styleSheet
2021-05-31 16:47:56,617 setting property maximum
2021-05-31 16:47:56,617 setting property pageStep
2021-05-31 16:47:56,617 setting property value
2021-05-31 16:47:56,617 setting property orientation
2021-05-31 16:47:56,618 setting property tickInterval
2021-05-31 16:47:56,618 push QSlider MIX_RATIO
2021-05-31 16:47:56,618 pop widget QSlider MIX_RATIO
2021-05-31 16:47:56,618 new topwidget self.centralwidget
2021-05-31 16:47:56,618 setting property geometry
2021-05-31 16:47:56,619 setting property styleSheet
2021-05-31 16:47:56,619 setting property text
2021-05-31 16:47:56,619 push QLabel RATIO
2021-05-31 16:47:56,619 pop widget QLabel RATIO
2021-05-31 16:47:56,619 new topwidget self.centralwidget
2021-05-31 16:47:56,619 setting property enabled
2021-05-31 16:47:56,619 setting property geometry
2021-05-31 16:47:56,620 setting property font
2021-05-31 16:47:56,620 setting property styleSheet
2021-05-31 16:47:56,620 setting property lineWidth
2021-05-31 16:47:56,620 setting property sizeAdjustPolicy
2021-05-31 16:47:56,620 setting property editTriggers
2021-05-31 16:47:56,620 setting property alternatingRowColors
2021-05-31 16:47:56,621 setting property sortingEnabled
2021-05-31 16:47:56,621 setting property wordWrap
2021-05-31 16:47:56,621 setting property cornerButtonEnabled
2021-05-31 16:47:56,621 setting property columnCount
2021-05-31 16:47:56,621 push QTableWidget resultsTable
2021-05-31 16:47:56,621 pop widget QTableWidget resultsTable
2021-05-31 16:47:56,621 new topwidget self.centralwidget
2021-05-31 16:47:56,621 pop widget QWidget centralwidget
2021-05-31 16:47:56,622 new topwidget MainWindow
2021-05-31 16:47:56,622 setting property geometry
2021-05-31 16:47:56,622 push QMenuBar menubar
2021-05-31 16:47:56,622 setting property title
2021-05-31 16:47:56,622 push QMenu menuFile
2021-05-31 16:47:56,622 pop widget QMenu menuFile
2021-05-31 16:47:56,622 new topwidget self.menubar
2021-05-31 16:47:56,623 setting property title
2021-05-31 16:47:56,623 push QMenu menubrowse
2021-05-31 16:47:56,623 pop widget QMenu menubrowse
2021-05-31 16:47:56,623 new topwidget self.menubar
2021-05-31 16:47:56,623 pop widget QMenuBar menubar
2021-05-31 16:47:56,623 new topwidget MainWindow
2021-05-31 16:47:56,624 push QStatusBar statusbar
2021-05-31 16:47:56,624 pop widget QStatusBar statusbar
2021-05-31 16:47:56,624 new topwidget MainWindow
2021-05-31 16:47:56,624 setting property text
2021-05-31 16:47:56,624 setting property text
2021-05-31 16:47:56,625 pop widget QMainWindow MainWindow
2021-05-31 16:47:56,625 new topwidget None
2021-05-31 16:47:56,625 add action actionNew_window to menuFile
2021-05-31 16:47:56,625 add action actionLoad_song to menubrowse
2021-05-31 16:47:56,625 add action menuFile to menubar
2021-05-31 16:47:56,625 add action menubrowse to menubar
2021-05-31 16:47:56,967 init
2021-05-31 16:47:56,967 songs data base has been saved and it has 9 songs in it
2021-05-31 16:47:57,931 adding song of id 0to the compare function
2021-05-31 16:47:59,578 subprocess.call(['ffmpeg', '-y', '-f', 'mp3', '-i', '/home/fatma/dsp_task4/data_base/Group22_Song4-music.mp3', '-acodec', 'pcm_s16le', '-vn', '-f', 'wav', '-'])
2021-05-31 16:47:59,912 the song in uploaded with data
2021-05-31 16:47:59,914 [    0.     0.     0. ...  1711. -2336.  2388.]
2021-05-31 16:48:00,080 adding song of id 1to the compare function
2021-05-31 16:48:01,483 subprocess.call(['ffmpeg', '-y', '-f', 'mp3', '-i', '/home/fatma/dsp_task4/data_base/group16_song4_vocals.mp3', '-acodec', 'pcm_s16le', '-vn', '-f', 'wav', '-'])
2021-05-31 16:48:02,749 the song in uploaded with data
2021-05-31 16:48:02,750 [    0.     0.     0. ...  -286. -1046.  -488.]
2021-05-31 16:48:02,751 2 songs were added to the mixer
2021-05-31 16:48:02,751 mixing 2 songs' data
2021-05-31 16:48:03,050 extracting the similarity indexes
2021-05-31 16:48:04,595 the song hashes=
2021-05-31 16:48:04,595 ['a920c920ad21cd81adc9cd91ad61e9b0a922e9f2a962dbf6c96252f6c96656ff', 'c900c920cd00cd81ed89a111ab10ab049e4cd66e92feb23eb27fb27f32ff56df', 'ad21ad21ad29a92ba92ba96baa32aa18e858fa587ad852dc52dc52dd56d556d5', '8b738b73748c748c8b738b73748c748c8b738b73748c748c748c8b738b73748c']
2021-05-31 16:48:04,595 get similarity index
2021-05-31 16:48:04,596 similarity_indexes function is called
2021-05-31 16:48:04,597 song of index 0 is compared
2021-05-31 16:48:04,600 song of index 1 is compared
2021-05-31 16:48:04,603 song of index 2 is compared
2021-05-31 16:48:04,605 song of index 3 is compared
2021-05-31 16:48:04,609 song of index 4 is compared
2021-05-31 16:48:04,610 song of index 5 is compared
2021-05-31 16:48:04,612 song of index 6 is compared
2021-05-31 16:48:04,614 song of index 7 is compared
2021-05-31 16:48:04,616 song of index 8 is compared
2021-05-31 16:48:04,616 similarity function done successfully
2021-05-31 16:48:11,310 mixing 2 songs' data
2021-05-31 16:48:11,567 extracting the similarity indexes
2021-05-31 16:48:12,690 the song hashes=
2021-05-31 16:48:12,690 ['f85c2acdf87c2a4df87c284da87c284d8b6c686f8b6c686e83ec686687e86d62', 'aa1ca84ccb4ceb6cee6ccb58907eb4fdb4b5b4b1b4b113930793478347834783', 'f87cf87cf87ce86caa6c8a6c8a6c824dd05d105f551705975597178357835783', 'cbf4cbf4340b340bcbf4cbf4340b340bcbf4cbf4340b340b340bcbf4cbf4340b']
2021-05-31 16:48:12,690 get similarity index
2021-05-31 16:48:12,690 similarity_indexes function is called
2021-05-31 16:48:12,693 song of index 0 is compared
2021-05-31 16:48:12,695 song of index 1 is compared
2021-05-31 16:48:12,697 song of index 2 is compared
2021-05-31 16:48:12,700 song of index 3 is compared
2021-05-31 16:48:12,701 song of index 4 is compared
2021-05-31 16:48:12,703 song of index 5 is compared
2021-05-31 16:48:12,705 song of index 6 is compared
2021-05-31 16:48:12,706 song of index 7 is compared
2021-05-31 16:48:12,708 song of index 8 is compared
2021-05-31 16:48:12,708 similarity function done successfully
2021-05-31 16:48:15,179 mixing 2 songs' data
2021-05-31 16:48:15,405 extracting the similarity indexes
2021-05-31 16:48:16,594 the song hashes=
2021-05-31 16:48:16,597 ['f87c8909f87ca989f87ca989f87c290ba96c290b896c794b896c796381ec7d72', 'ca5ce848ca49ce49cc49ea48b13eb93494b4f4b6b4b693a323a333bf17e346c3', 'f87cf87cf86ce86ce86ca86ca86c886dd05d505f541f15975593178357831783', '8bfc8bfc740374038bfc8bfc740374038bfc8bfc7403740374038bfc8bfc7403']
2021-05-31 16:48:16,597 get similarity index
2021-05-31 16:48:16,597 similarity_indexes function is called
2021-05-31 16:48:16,599 song of index 0 is compared
2021-05-31 16:48:16,601 song of index 1 is compared
2021-05-31 16:48:16,603 song of index 2 is compared
2021-05-31 16:48:16,605 song of index 3 is compared
2021-05-31 16:48:16,606 song of index 4 is compared
2021-05-31 16:48:16,608 song of index 5 is compared
2021-05-31 16:48:16,610 song of index 6 is compared
2021-05-31 16:48:16,612 song of index 7 is compared
2021-05-31 16:48:16,614 song of index 8 is compared
2021-05-31 16:48:16,614 similarity function done successfully
2021-05-31 16:48:17,713 mixing 2 songs' data
2021-05-31 16:48:17,952 extracting the similarity indexes
2021-05-31 16:48:19,202 the song hashes=
2021-05-31 16:48:19,202 ['e92c8921e82c8989ec4c8d89e87ca98ba96ea923a96e59d3c96c5ad7896c5ed7', 'c818c848c849ccd9c4d9a959a939a9248ca4d4b694b69ba633a3333f33ff56df', 'a92ca92ca92ca96ca96ca96ca87ca87cf85cf8595ad952d952d3569356935693', '8bfc8bfc740374038bfc8bfc740374038bfc8bfc7403740374038bfc8bfc7403']
2021-05-31 16:48:19,202 get similarity index
2021-05-31 16:48:19,202 similarity_indexes function is called
2021-05-31 16:48:19,205 song of index 0 is compared
2021-05-31 16:48:19,206 song of index 1 is compared
2021-05-31 16:48:19,208 song of index 2 is compared
2021-05-31 16:48:19,211 song of index 3 is compared
2021-05-31 16:48:19,212 song of index 4 is compared
2021-05-31 16:48:19,214 song of index 5 is compared
2021-05-31 16:48:19,216 song of index 6 is compared
2021-05-31 16:48:19,218 song of index 7 is compared
2021-05-31 16:48:19,220 song of index 8 is compared
2021-05-31 16:48:19,220 similarity function done successfully
2021-05-31 16:49:03,477 mixing 2 songs' data
2021-05-31 16:49:03,730 extracting the similarity indexes
2021-05-31 16:49:04,914 the song hashes=
2021-05-31 16:49:04,915 ['f85c2acdf87c2a4df87c284da87c284d8b6c686f8b6c686e83ec686687e86d62', 'aa1ca84ccb4ceb6cee6ccb58907eb4fdb4b5b4b1b4b113930793478347834783', 'f87cf87cf87ce86caa6c8a6c8a6c824dd05d105f551705975597178357835783', 'cbf4cbf4340b340bcbf4cbf4340b340bcbf4cbf4340b340b340bcbf4cbf4340b']
2021-05-31 16:49:04,915 get similarity index
2021-05-31 16:49:04,915 similarity_indexes function is called
2021-05-31 16:49:04,916 song of index 0 is compared
2021-05-31 16:49:04,918 song of index 1 is compared
2021-05-31 16:49:04,920 song of index 2 is compared
2021-05-31 16:49:04,923 song of index 3 is compared
2021-05-31 16:49:04,925 song of index 4 is compared
2021-05-31 16:49:04,926 song of index 5 is compared
2021-05-31 16:49:04,927 song of index 6 is compared
2021-05-31 16:49:04,928 song of index 7 is compared
2021-05-31 16:49:04,929 song of index 8 is compared
2021-05-31 16:49:04,929 similarity function done successfully
2021-05-31 16:49:07,715 mixing 2 songs' data
2021-05-31 16:49:07,967 extracting the similarity indexes
2021-05-31 16:49:09,162 the song hashes=
2021-05-31 16:49:09,162 ['a920c920ad21cd81adc9cd91ad61e9b0a922e9f2a962dbf6c96252f6c96656ff', 'c900c920cd00cd81ed89a111ab10ab049e4cd66e92feb23eb27fb27f32ff56df', 'ad21ad21ad29a92ba92ba96baa32aa18e858fa587ad852dc52dc52dd56d556d5', '8b738b73748c748c8b738b73748c748c8b738b73748c748c748c8b738b73748c']
2021-05-31 16:49:09,166 get similarity index
2021-05-31 16:49:09,166 similarity_indexes function is called
2021-05-31 16:49:09,168 song of index 0 is compared
2021-05-31 16:49:09,170 song of index 1 is compared
2021-05-31 16:49:09,172 song of index 2 is compared
2021-05-31 16:49:09,173 song of index 3 is compared
2021-05-31 16:49:09,175 song of index 4 is compared
2021-05-31 16:49:09,177 song of index 5 is compared
2021-05-31 16:49:09,179 song of index 6 is compared
2021-05-31 16:49:09,180 song of index 7 is compared
2021-05-31 16:49:09,182 song of index 8 is compared
2021-05-31 16:49:09,182 similarity function done successfully
2021-05-31 16:49:12,181 mixing 2 songs' data
2021-05-31 16:49:12,404 extracting the similarity indexes
2021-05-31 16:49:13,596 the song hashes=
2021-05-31 16:49:13,597 ['e92c8921e928c981ec49cd89e96ca993a96ea923a96e59d3c86c5ad7c96c56d7', 'c818c848c849c4d9e4d9a159a939ab248ca4d4b694a69ba6b3a6333f33ff56df', 'a929a929a929a92da96ea96aa87aa878a858fa587ad952d952d956d356d55695', '8ffc96da700374038ffc8ffc700370038ffc8ffc7403700370038ffc8ffc7003']
2021-05-31 16:49:13,597 get similarity index
2021-05-31 16:49:13,597 similarity_indexes function is called
2021-05-31 16:49:13,598 song of index 0 is compared
2021-05-31 16:49:13,600 song of index 1 is compared
2021-05-31 16:49:13,602 song of index 2 is compared
2021-05-31 16:49:13,604 song of index 3 is compared
2021-05-31 16:49:13,605 song of index 4 is compared
2021-05-31 16:49:13,607 song of index 5 is compared
2021-05-31 16:49:13,609 song of index 6 is compared
2021-05-31 16:49:13,610 song of index 7 is compared
2021-05-31 16:49:13,612 song of index 8 is compared
2021-05-31 16:49:13,612 similarity function done successfully
2021-05-31 16:49:14,279 mixing 2 songs' data
2021-05-31 16:49:14,505 extracting the similarity indexes
2021-05-31 16:49:15,685 the song hashes=
2021-05-31 16:49:15,686 ['f82c8921f82c8989e85ca989e87ca98ba96ea923a96e59d3896c5ad7896c5ed7', 'c858c848ca49ccc9c4d9a959a93da9248c84d4b694b693a633a3333f33ff56df', 'e92ce92ca96ca96ca96ca96ca86ca87cf85cf85d525d52d35293569356935683', '8bfc96da740374038bfc8bfc740374038ffc8bfc7403740374038bfc8bfc7403']
2021-05-31 16:49:15,686 get similarity index
2021-05-31 16:49:15,686 similarity_indexes function is called
2021-05-31 16:49:15,688 song of index 0 is compared
2021-05-31 16:49:15,689 song of index 1 is compared
2021-05-31 16:49:15,693 song of index 2 is compared
2021-05-31 16:49:15,695 song of index 3 is compared
2021-05-31 16:49:15,697 song of index 4 is compared
2021-05-31 16:49:15,699 song of index 5 is compared
2021-05-31 16:49:15,700 song of index 6 is compared
2021-05-31 16:49:15,702 song of index 7 is compared
2021-05-31 16:49:15,704 song of index 8 is compared
2021-05-31 16:49:15,704 similarity function done successfully
2021-05-31 16:49:16,547 mixing 2 songs' data
2021-05-31 16:49:16,783 extracting the similarity indexes
2021-05-31 16:49:18,032 the song hashes=
2021-05-31 16:49:18,032 ['f85c2acdf87c2a4df87c284db87c284d8b6c286f8b6c686e8bec686683e86d62', 'ea1ca84ccb4ceb68ea6ccb58b07cb4bdb4b4b4b1b4b393b30783478b47834783', 'f87cf87cf87ce86caa6c8a6c8a6c806dd05d105f551705975597178357835783', 'cbf4cbf4340b340bcbf4cbf4340b340bcbf4cbf4340b340b340bcbf4cbf4340b']
2021-05-31 16:49:18,032 get similarity index
2021-05-31 16:49:18,032 similarity_indexes function is called
2021-05-31 16:49:18,034 song of index 0 is compared
2021-05-31 16:49:18,036 song of index 1 is compared
2021-05-31 16:49:18,038 song of index 2 is compared
2021-05-31 16:49:18,040 song of index 3 is compared
2021-05-31 16:49:18,042 song of index 4 is compared
2021-05-31 16:49:18,044 song of index 5 is compared
2021-05-31 16:49:18,046 song of index 6 is compared
2021-05-31 16:49:18,048 song of index 7 is compared
2021-05-31 16:49:18,050 song of index 8 is compared
2021-05-31 16:49:18,050 similarity function done successfully
2021-05-31 16:49:19,446 mixing 2 songs' data
2021-05-31 16:49:19,704 extracting the similarity indexes
2021-05-31 16:49:20,899 the song hashes=
2021-05-31 16:49:20,899 ['f85c2acdf87c2a4df87c284da87c284d8b6c686f8b6c686e83ec686687e86d62', 'aa1ca84ccb4ceb6cee6ccb58907eb4fdb4b5b4b1b4b113930793478347834783', 'f87cf87cf87ce86caa6c8a6c8a6c824dd05d105f551705975597178357835783', 'cbf4cbf4340b340bcbf4cbf4340b340bcbf4cbf4340b340b340bcbf4cbf4340b']
2021-05-31 16:49:20,899 get similarity index
2021-05-31 16:49:20,899 similarity_indexes function is called
2021-05-31 16:49:20,901 song of index 0 is compared
2021-05-31 16:49:20,902 song of index 1 is compared
2021-05-31 16:49:20,905 song of index 2 is compared
2021-05-31 16:49:20,906 song of index 3 is compared
2021-05-31 16:49:20,908 song of index 4 is compared
2021-05-31 16:49:20,910 song of index 5 is compared
2021-05-31 16:49:20,912 song of index 6 is compared
2021-05-31 16:49:20,914 song of index 7 is compared
2021-05-31 16:49:20,915 song of index 8 is compared
2021-05-31 16:49:20,915 similarity function done successfully
