2021-05-31 14:20:36,329 file__pycache__
2021-05-31 14:20:36,329 uploaded
2021-05-31 14:20:36,329 file.qt_for_python
2021-05-31 14:20:36,329 uploaded
2021-05-31 14:20:36,329 fileEighth-Note-Double.webp
2021-05-31 14:20:36,329 uploaded
2021-05-31 14:20:36,329 filesongsDataBase5.csv
2021-05-31 14:20:36,329 uploaded
2021-05-31 14:20:36,329 filelogging_similarity.py.log
2021-05-31 14:20:36,329 uploaded
2021-05-31 14:20:36,329 filelogging.log
2021-05-31 14:20:36,330 uploaded
2021-05-31 14:20:36,330 filesongsDataBase5.xlsx
2021-05-31 14:20:36,330 uploaded
2021-05-31 14:20:36,330 filesimilarityfile.py
2021-05-31 14:20:36,330 uploaded
2021-05-31 14:20:36,330 filelogging_main.py.log
2021-05-31 14:20:36,330 uploaded
2021-05-31 14:20:36,330 fileMAIN.ui
2021-05-31 14:20:36,330 uploaded
2021-05-31 14:20:36,330 filemain.py
2021-05-31 14:20:36,330 uploaded
2021-05-31 14:20:36,330 file.git
2021-05-31 14:20:36,330 uploaded
2021-05-31 14:20:36,330 filedata_base
2021-05-31 14:20:36,330 uploaded
2021-05-31 14:20:36,330 filesongsDataBase6.xlsx
2021-05-31 14:20:36,331 uploaded
